Arguments: 
  /home/abdillahh/.nvm/versions/node/v9.1.0/bin/node /home/abdillahh/.nvm/versions/node/v9.1.0/bin/yarn add redis

PATH: 
  /home/abdillahh/.nvm/versions/node/v9.1.0/bin:/usr/local/sbin:/usr/local/bin:/usr/sbin:/usr/bin:/sbin:/bin:/usr/games:/usr/local/games:/usr/lib/jvm/jdk1.8.0_161/bin:/usr/lib/jvm/jdk1.8.0_161/db/bin:/usr/lib/jvm/jdk1.8.0_161/jre/bin:/snap/bin:/home/abdillahh/Android/Sdk/tools:/home/abdillahh/Android/Sdk/platform-tool

Yarn version: 
  1.5.1

Node version: 
  9.1.0

Platform: 
  linux x64

npm manifest: 
  {
    "name": "2359",
    "version": "0.0.0",
    "private": true,
    "scripts": {
      "start": "node ./bin/www",
      "dev": "nodemon ./bin/www"
    },
    "dependencies": {
      "bcrypt": "^2.0.0",
      "body-parser": "~1.18.2",
      "cors": "^2.8.4",
      "dotenv": "^5.0.1",
      "express": "~4.15.5",
      "jsonwebtoken": "^8.2.1",
      "morgan": "~1.9.0",
      "pg": "^6.4.2",
      "sequelize": "^4.37.6",
      "sequelize-cli": "^4.0.0"
    }
  }

yarn manifest: 
  No manifest

Lockfile: 
  No lockfile

Trace: 
  Error: ENOTEMPTY: directory not empty, rmdir '/media/abdillahh/DAEAC85BEAC83613/hacktiv8/kerja/2359/server/node_modules/bcrypt/lib/binding'
